<?xml version="1.0" encoding="UTF-8"?>
<testsuite name="daoTests.EmployeeDAOTest" tests="1" skipped="0" failures="0" errors="0" timestamp="2022-08-01T05:32:26" hostname="JAMES-PC" time="0.013">
  <properties/>
  <testcase name="delete_employee_too_high_test()" classname="daoTests.EmployeeDAOTest" time="0.013"/>
  <system-out><![CDATA[]]></system-out>
  <system-err><![CDATA[]]></system-err>
</testsuite>
